<?xml version="1.0" encoding="UTF-8" ?>
<testsuite errors="0" skipped="0" tests="22" time="0.143" failures="0" name="net.sf.robocode.version.VersionTest">
  <properties>
[...]
</properties>
  <testcase classname="net.sf.robocode.version.VersionTest" time="0.016" name="same"/>
  <testcase classname="net.sf.robocode.version.VersionTest" time="0.001" name="equalVersion"/>
  <testcase classname="net.sf.robocode.version.VersionTest" time="0.001" name="equalAlphas"/>
  <testcase classname="net.sf.robocode.version.VersionTest" time="0.001" name="equalBetas"/>
  <testcase classname="net.sf.robocode.version.VersionTest" time="0.001" name="greater"/>
  <testcase classname="net.sf.robocode.version.VersionTest" time="0.002" name="greaterShort"/>
  <testcase classname="net.sf.robocode.version.VersionTest" time="0.002" name="greaterShort2"/>
  <testcase classname="net.sf.robocode.version.VersionTest" time="0.002" name="greaterShortBeta"/>
  <testcase classname="net.sf.robocode.version.VersionTest" time="0.001" name="greaterShortBeta3"/>
  <testcase classname="net.sf.robocode.version.VersionTest" time="0.001" name="greaterShortBeta2"/>
  <testcase classname="net.sf.robocode.version.VersionTest" time="0.008" name="greaterLong"/>
  <testcase classname="net.sf.robocode.version.VersionTest" time="0.001" name="smaller"/>
  <testcase classname="net.sf.robocode.version.VersionTest" time="0.001" name="greaterToo"/>
  <testcase classname="net.sf.robocode.version.VersionTest" time="0.001" name="greaterThanBeta"/>
  <testcase classname="net.sf.robocode.version.VersionTest" time="0.001" name="smallerThanBeta"/>
  <testcase classname="net.sf.robocode.version.VersionTest" time="0.003" name="smallerThanAlpha"/>
  <testcase classname="net.sf.robocode.version.VersionTest" time="0.001" name="compareBetas"/>
  <testcase classname="net.sf.robocode.version.VersionTest" time="0.002" name="compareBetas2"/>
  <testcase classname="net.sf.robocode.version.VersionTest" time="0.002" name="compareBetas3"/>
  <testcase classname="net.sf.robocode.version.VersionTest" time="0.001" name="compareBetas4"/>
  <testcase classname="net.sf.robocode.version.VersionTest" time="0.001" name="compareBetasShort"/>
  <testcase classname="net.sf.robocode.version.VersionTest" time="0.001" name="compareBetasShort2"/>
</testsuite>