<?xml version="1.0" encoding="UTF-8" ?>
<testsuite failures="1" time="0.182" errors="0" skipped="0" tests="1" name="net.sf.robocode.test.robots.TestJunior">
  <properties>
    <property name="java.runtime.name" value="OpenJDK Runtime Environment"/>
    <property name="sun.boot.library.path" value="/usr/lib/jvm/java-6-openjdk/jre/lib/i386"/>
    <property name="java.vm.version" value="19.0-b09"/>
    <property name="java.vm.vendor" value="Sun Microsystems Inc."/>
    <property name="java.vendor.url" value="http://java.sun.com/"/>
    <property name="path.separator" value=":"/>
    <property name="java.vm.name" value="OpenJDK Server VM"/>
    <property name="file.encoding.pkg" value="sun.io"/>
    <property name="user.country" value="IN"/>
    <property name="sun.java.launcher" value="SUN_STANDARD"/>
    <property name="sun.os.patch.level" value="unknown"/>
    <property name="java.vm.specification.name" value="Java Virtual Machine Specification"/>
    <property name="user.dir" value="/home/ankit/workspace/eclipse-himanshu/robocode.tests"/>
    <property name="ROBOTPATH" value="target//classes"/>
    <property name="java.runtime.version" value="1.6.0_20-b20"/>
    <property name="WORKINGDIRECTORY" value="target//test-classes"/>
    <property name="java.awt.graphicsenv" value="sun.awt.X11GraphicsEnvironment"/>
    <property name="basedir" value="/home/ankit/workspace/eclipse-himanshu/robocode.tests"/>
    <property name="java.endorsed.dirs" value="/usr/lib/jvm/java-6-openjdk/jre/lib/endorsed"/>
    <property name="os.arch" value="i386"/>
    <property name="surefire.real.class.path" value="/tmp/surefirebooter1393888091027248648.jar"/>
    <property name="javax.accessibility.assistive_technologies" value="org.GNOME.Accessibility.JavaBridge"/>
    <property name="java.io.tmpdir" value="/tmp"/>
    <property name="line.separator" value="
"/>
    <property name="java.vm.specification.vendor" value="Sun Microsystems Inc."/>
    <property name="os.name" value="Linux"/>
    <property name="EXPERIMENTAL" value="true"/>
    <property name="sun.jnu.encoding" value="UTF-8"/>
    <property name="java.library.path" value="/usr/lib/jvm/java-6-openjdk/jre/lib/i386/server:/usr/lib/jvm/java-6-openjdk/jre/lib/i386:/usr/lib/jvm/java-6-openjdk/jre/../lib/i386:/usr/java/packages/lib/i386:/usr/lib/jni:/lib:/usr/lib"/>
    <property name="surefire.test.class.path" value="/home/ankit/workspace/eclipse-himanshu/robocode.tests/target/test-classes:/home/ankit/workspace/eclipse-himanshu/robocode.tests/target/classes:/home/ankit/workspace/eclipse-himanshu/robocode.api/target/classes:/root/.m2/repository/junit/junit/4.5/junit-4.5.jar:/home/ankit/workspace/eclipse-himanshu/robocode.core/target/classes:/root/.m2/repository/org/picocontainer/picocontainer/2.6/picocontainer-2.6.jar:/home/ankit/workspace/eclipse-himanshu/robocode.samples/target/classes:/home/ankit/workspace/eclipse-himanshu/robocode.host/target/classes:/home/ankit/workspace/eclipse-himanshu/robocode.battle/target/classes:/home/ankit/workspace/eclipse-himanshu/robocode.repository/target/classes:/root/.m2/repository/net/sf/robocode/codesize/1.1/codesize-1.1.jar:"/>
    <property name="robocode.class.path" value="/home/ankit/workspace/eclipse-himanshu/robocode.tests/target/test-classes:/home/ankit/workspace/eclipse-himanshu/robocode.tests/target/classes:/home/ankit/workspace/eclipse-himanshu/robocode.api/target/classes:/root/.m2/repository/junit/junit/4.5/junit-4.5.jar:/home/ankit/workspace/eclipse-himanshu/robocode.core/target/classes:/root/.m2/repository/org/picocontainer/picocontainer/2.6/picocontainer-2.6.jar:/home/ankit/workspace/eclipse-himanshu/robocode.samples/target/classes:/home/ankit/workspace/eclipse-himanshu/robocode.host/target/classes:/home/ankit/workspace/eclipse-himanshu/robocode.battle/target/classes:/home/ankit/workspace/eclipse-himanshu/robocode.repository/target/classes:/root/.m2/repository/net/sf/robocode/codesize/1.1/codesize-1.1.jar:"/>
    <property name="java.specification.name" value="Java Platform API Specification"/>
    <property name="java.class.version" value="50.0"/>
    <property name="sun.management.compiler" value="HotSpot Tiered Compilers"/>
    <property name="os.version" value="2.6.35-22-generic"/>
    <property name="user.home" value="/root"/>
    <property name="user.timezone" value="Asia/Kolkata"/>
    <property name="java.awt.printerjob" value="sun.print.PSPrinterJob"/>
    <property name="java.specification.version" value="1.6"/>
    <property name="file.encoding" value="UTF-8"/>
    <property name="user.name" value="root"/>
    <property name="java.class.path" value="/home/ankit/workspace/eclipse-himanshu/robocode.tests/target/test-classes:/home/ankit/workspace/eclipse-himanshu/robocode.tests/target/classes:/home/ankit/workspace/eclipse-himanshu/robocode.api/target/classes:/root/.m2/repository/junit/junit/4.5/junit-4.5.jar:/home/ankit/workspace/eclipse-himanshu/robocode.core/target/classes:/root/.m2/repository/org/picocontainer/picocontainer/2.6/picocontainer-2.6.jar:/home/ankit/workspace/eclipse-himanshu/robocode.samples/target/classes:/home/ankit/workspace/eclipse-himanshu/robocode.host/target/classes:/home/ankit/workspace/eclipse-himanshu/robocode.battle/target/classes:/home/ankit/workspace/eclipse-himanshu/robocode.repository/target/classes:/root/.m2/repository/net/sf/robocode/codesize/1.1/codesize-1.1.jar:"/>
    <property name="java.vm.specification.version" value="1.0"/>
    <property name="sun.arch.data.model" value="32"/>
    <property name="java.home" value="/usr/lib/jvm/java-6-openjdk/jre"/>
    <property name="java.specification.vendor" value="Sun Microsystems Inc."/>
    <property name="user.language" value="en"/>
    <property name="java.vm.info" value="mixed mode"/>
    <property name="java.version" value="1.6.0_20"/>
    <property name="java.ext.dirs" value="/usr/lib/jvm/java-6-openjdk/jre/lib/ext:/usr/java/packages/lib/ext"/>
    <property name="sun.boot.class.path" value="/usr/lib/jvm/java-6-openjdk/jre/lib/resources.jar:/usr/lib/jvm/java-6-openjdk/jre/lib/rt.jar:/usr/lib/jvm/java-6-openjdk/jre/lib/sunrsasign.jar:/usr/lib/jvm/java-6-openjdk/jre/lib/jsse.jar:/usr/lib/jvm/java-6-openjdk/jre/lib/jce.jar:/usr/lib/jvm/java-6-openjdk/jre/lib/charsets.jar:/usr/lib/jvm/java-6-openjdk/jre/lib/netx.jar:/usr/lib/jvm/java-6-openjdk/jre/lib/plugin.jar:/usr/lib/jvm/java-6-openjdk/jre/lib/rhino.jar:/usr/lib/jvm/java-6-openjdk/jre/lib/modules/jdk.boot.jar:/usr/lib/jvm/java-6-openjdk/jre/classes"/>
    <property name="java.vendor" value="Sun Microsystems Inc."/>
    <property name="localRepository" value="/root/.m2/repository"/>
    <property name="file.separator" value="/"/>
    <property name="java.vendor.url.bug" value="http://java.sun.com/cgi-bin/bugreport.cgi"/>
    <property name="sun.cpu.endian" value="little"/>
    <property name="sun.io.unicode.encoding" value="UnicodeLittle"/>
    <property name="TESTING" value="true"/>
    <property name="sun.cpu.isalist" value=""/>
  </properties>
  <testcase time="0.18" classname="net.sf.robocode.test.robots.TestJunior" name="run">
    <failure message="
Expected: is &lt;0&gt;
     got: &lt;1&gt;
" type="java.lang.AssertionError">java.lang.AssertionError: 
Expected: is &lt;0&gt;
     got: &lt;1&gt;

	at org.junit.Assert.assertThat(Assert.java:750)
	at org.junit.Assert.assertThat(Assert.java:709)
	at net.sf.robocode.test.helpers.RobotTestBed.run(RobotTestBed.java:159)
	at net.sf.robocode.test.robots.TestJunior.run(TestJunior.java:28)
	at sun.reflect.NativeMethodAccessorImpl.invoke0(Native Method)
	at sun.reflect.NativeMethodAccessorImpl.invoke(NativeMethodAccessorImpl.java:57)
	at sun.reflect.DelegatingMethodAccessorImpl.invoke(DelegatingMethodAccessorImpl.java:43)
	at java.lang.reflect.Method.invoke(Method.java:616)
	at org.junit.runners.model.FrameworkMethod$1.runReflectiveCall(FrameworkMethod.java:44)
	at org.junit.internal.runners.model.ReflectiveCallable.run(ReflectiveCallable.java:15)
	at org.junit.runners.model.FrameworkMethod.invokeExplosively(FrameworkMethod.java:41)
	at org.junit.internal.runners.statements.InvokeMethod.evaluate(InvokeMethod.java:20)
	at org.junit.internal.runners.statements.RunBefores.evaluate(RunBefores.java:28)
	at org.junit.internal.runners.statements.RunAfters.evaluate(RunAfters.java:31)
	at org.junit.runners.BlockJUnit4ClassRunner.runChild(BlockJUnit4ClassRunner.java:73)
	at org.junit.runners.BlockJUnit4ClassRunner.runChild(BlockJUnit4ClassRunner.java:46)
	at org.junit.runners.ParentRunner.runChildren(ParentRunner.java:180)
	at org.junit.runners.ParentRunner.access$000(ParentRunner.java:41)
	at org.junit.runners.ParentRunner$1.evaluate(ParentRunner.java:173)
	at org.junit.internal.runners.statements.RunBefores.evaluate(RunBefores.java:28)
	at org.junit.internal.runners.statements.RunAfters.evaluate(RunAfters.java:31)
	at org.junit.runners.ParentRunner.run(ParentRunner.java:220)
	at org.apache.maven.surefire.junit4.JUnit4TestSet.execute(JUnit4TestSet.java:62)
	at org.apache.maven.surefire.suite.AbstractDirectoryTestSuite.executeTestSet(AbstractDirectoryTestSuite.java:140)
	at org.apache.maven.surefire.suite.AbstractDirectoryTestSuite.execute(AbstractDirectoryTestSuite.java:127)
	at org.apache.maven.surefire.Surefire.run(Surefire.java:177)
	at sun.reflect.NativeMethodAccessorImpl.invoke0(Native Method)
	at sun.reflect.NativeMethodAccessorImpl.invoke(NativeMethodAccessorImpl.java:57)
	at sun.reflect.DelegatingMethodAccessorImpl.invoke(DelegatingMethodAccessorImpl.java:43)
	at java.lang.reflect.Method.invoke(Method.java:616)
	at org.apache.maven.surefire.booter.SurefireBooter.runSuitesInProcess(SurefireBooter.java:345)
	at org.apache.maven.surefire.booter.SurefireBooter.main(SurefireBooter.java:1009)
</failure>
    <system-err>java.lang.ClassNotFoundException: CTF.CaptureTheFlagRules
	at java.net.URLClassLoader$1.run(URLClassLoader.java:217)
	at java.security.AccessController.doPrivileged(Native Method)
	at java.net.URLClassLoader.findClass(URLClassLoader.java:205)
	at net.sf.robocode.core.EngineClassLoader.loadEngineClass(EngineClassLoader.java:71)
	at net.sf.robocode.core.EngineClassLoader.loadClass(EngineClassLoader.java:58)
	at java.lang.ClassLoader.loadClass(ClassLoader.java:266)
	at java.lang.Class.forName0(Native Method)
	at java.lang.Class.forName(Class.java:264)
	at net.sf.robocode.battle.BattleManager.getCustomRules(BattleManager.java:236)
	at net.sf.robocode.battle.BattleManager.startNewBattle(BattleManager.java:151)
	at robocode.control.RobocodeEngine.runBattle(RobocodeEngine.java:329)
	at net.sf.robocode.test.helpers.RobotTestBed.runBattle(RobotTestBed.java:176)
	at net.sf.robocode.test.helpers.RobotTestBed.run(RobotTestBed.java:157)
	at net.sf.robocode.test.robots.TestJunior.run(TestJunior.java:28)
	at sun.reflect.NativeMethodAccessorImpl.invoke0(Native Method)
	at sun.reflect.NativeMethodAccessorImpl.invoke(NativeMethodAccessorImpl.java:57)
	at sun.reflect.DelegatingMethodAccessorImpl.invoke(DelegatingMethodAccessorImpl.java:43)
	at java.lang.reflect.Method.invoke(Method.java:616)
	at org.junit.runners.model.FrameworkMethod$1.runReflectiveCall(FrameworkMethod.java:44)
	at org.junit.internal.runners.model.ReflectiveCallable.run(ReflectiveCallable.java:15)
	at org.junit.runners.model.FrameworkMethod.invokeExplosively(FrameworkMethod.java:41)
	at org.junit.internal.runners.statements.InvokeMethod.evaluate(InvokeMethod.java:20)
	at org.junit.internal.runners.statements.RunBefores.evaluate(RunBefores.java:28)
	at org.junit.internal.runners.statements.RunAfters.evaluate(RunAfters.java:31)
	at org.junit.runners.BlockJUnit4ClassRunner.runChild(BlockJUnit4ClassRunner.java:73)
	at org.junit.runners.BlockJUnit4ClassRunner.runChild(BlockJUnit4ClassRunner.java:46)
	at org.junit.runners.ParentRunner.runChildren(ParentRunner.java:180)
	at org.junit.runners.ParentRunner.access$000(ParentRunner.java:41)
	at org.junit.runners.ParentRunner$1.evaluate(ParentRunner.java:173)
	at org.junit.internal.runners.statements.RunBefores.evaluate(RunBefores.java:28)
	at org.junit.internal.runners.statements.RunAfters.evaluate(RunAfters.java:31)
	at org.junit.runners.ParentRunner.run(ParentRunner.java:220)
	at org.apache.maven.surefire.junit4.JUnit4TestSet.execute(JUnit4TestSet.java:62)
	at org.apache.maven.surefire.suite.AbstractDirectoryTestSuite.executeTestSet(AbstractDirectoryTestSuite.java:140)
	at org.apache.maven.surefire.suite.AbstractDirectoryTestSuite.execute(AbstractDirectoryTestSuite.java:127)
	at org.apache.maven.surefire.Surefire.run(Surefire.java:177)
	at sun.reflect.NativeMethodAccessorImpl.invoke0(Native Method)
	at sun.reflect.NativeMethodAccessorImpl.invoke(NativeMethodAccessorImpl.java:57)
	at sun.reflect.DelegatingMethodAccessorImpl.invoke(DelegatingMethodAccessorImpl.java:43)
	at java.lang.reflect.Method.invoke(Method.java:616)
	at org.apache.maven.surefire.booter.SurefireBooter.runSuitesInProcess(SurefireBooter.java:345)
	at org.apache.maven.surefire.booter.SurefireBooter.main(SurefireBooter.java:1009)
</system-err>
  </testcase>
</testsuite>